h:\starfallen\cocos2d\cocos\editor-support\spine\proj.win32\debug.win32\animationstatedata.obj
h:\starfallen\cocos2d\cocos\editor-support\spine\proj.win32\debug.win32\atlasattachmentloader.obj
h:\starfallen\cocos2d\cocos\editor-support\spine\proj.win32\debug.win32\bonedata.obj
h:\starfallen\cocos2d\cocos\editor-support\spine\proj.win32\debug.win32\event.obj
h:\starfallen\cocos2d\cocos\editor-support\spine\proj.win32\debug.win32\ikconstraint.obj
h:\starfallen\cocos2d\cocos\editor-support\spine\proj.win32\debug.win32\pathattachment.obj
h:\starfallen\cocos2d\cocos\editor-support\spine\proj.win32\debug.win32\skeleton.obj
h:\starfallen\cocos2d\cocos\editor-support\spine\proj.win32\debug.win32\skin.obj
h:\starfallen\cocos2d\cocos\editor-support\spine\proj.win32\debug.win32\transformconstraintdata.obj
h:\starfallen\cocos2d\cocos\editor-support\spine\proj.win32\debug.win32\atlas.obj
h:\starfallen\cocos2d\cocos\editor-support\spine\proj.win32\debug.win32\attachment.obj
h:\starfallen\cocos2d\cocos\editor-support\spine\proj.win32\debug.win32\bone.obj
h:\starfallen\cocos2d\cocos\editor-support\spine\proj.win32\debug.win32\extension.obj
h:\starfallen\cocos2d\cocos\editor-support\spine\proj.win32\debug.win32\pathconstraint.obj
h:\starfallen\cocos2d\cocos\editor-support\spine\proj.win32\debug.win32\skeletonbinary.obj
h:\starfallen\cocos2d\cocos\editor-support\spine\proj.win32\debug.win32\slotdata.obj
h:\starfallen\cocos2d\cocos\editor-support\spine\proj.win32\debug.win32\vertexattachment.obj
h:\starfallen\cocos2d\cocos\editor-support\spine\proj.win32\debug.win32\animation.obj
h:\starfallen\cocos2d\cocos\editor-support\spine\proj.win32\debug.win32\boundingboxattachment.obj
h:\starfallen\cocos2d\cocos\editor-support\spine\proj.win32\debug.win32\ikconstraintdata.obj
h:\starfallen\cocos2d\cocos\editor-support\spine\proj.win32\debug.win32\meshattachment.obj
h:\starfallen\cocos2d\cocos\editor-support\spine\proj.win32\debug.win32\pathconstraintdata.obj
h:\starfallen\cocos2d\cocos\editor-support\spine\proj.win32\debug.win32\skeletonbounds.obj
h:\starfallen\cocos2d\cocos\editor-support\spine\proj.win32\debug.win32\skeletonjson.obj
h:\starfallen\cocos2d\cocos\editor-support\spine\proj.win32\debug.win32\animationstate.obj
h:\starfallen\cocos2d\cocos\editor-support\spine\proj.win32\debug.win32\attachmentloader.obj
h:\starfallen\cocos2d\cocos\editor-support\spine\proj.win32\debug.win32\eventdata.obj
h:\starfallen\cocos2d\cocos\editor-support\spine\proj.win32\debug.win32\json.obj
h:\starfallen\cocos2d\cocos\editor-support\spine\proj.win32\debug.win32\regionattachment.obj
h:\starfallen\cocos2d\cocos\editor-support\spine\proj.win32\debug.win32\skeletondata.obj
h:\starfallen\cocos2d\cocos\editor-support\spine\proj.win32\debug.win32\slot.obj
h:\starfallen\cocos2d\cocos\editor-support\spine\proj.win32\debug.win32\transformconstraint.obj
h:\starfallen\cocos2d\cocos\editor-support\spine\proj.win32\debug.win32\libspine.pdb
h:\starfallen\cocos2d\cocos\editor-support\spine\proj.win32\debug.win32\skeletonanimation.obj
h:\starfallen\cocos2d\cocos\editor-support\spine\proj.win32\debug.win32\spine-cocos2dx.obj
h:\starfallen\cocos2d\cocos\editor-support\spine\proj.win32\debug.win32\attachmentvertices.obj
h:\starfallen\cocos2d\cocos\editor-support\spine\proj.win32\debug.win32\cocos2dattachmentloader.obj
h:\starfallen\cocos2d\cocos\editor-support\spine\proj.win32\debug.win32\skeletonrenderer.obj
h:\starfallen\cocos2d\cocos\editor-support\spine\proj.win32\debug.win32\skeletonbatch.obj
h:\starfallen\proj.win32\debug.win32\libspine.lib
h:\starfallen\cocos2d\cocos\editor-support\spine\proj.win32\debug.win32\libspine.idb
h:\starfallen\proj.win32\debug.win32\libspine.pdb
h:\starfallen\cocos2d\cocos\editor-support\spine\proj.win32\debug.win32\libspine.tlog\cl.command.1.tlog
h:\starfallen\cocos2d\cocos\editor-support\spine\proj.win32\debug.win32\libspine.tlog\cl.read.1.tlog
h:\starfallen\cocos2d\cocos\editor-support\spine\proj.win32\debug.win32\libspine.tlog\cl.write.1.tlog
h:\starfallen\cocos2d\cocos\editor-support\spine\proj.win32\debug.win32\libspine.tlog\lib-link.read.1.tlog
h:\starfallen\cocos2d\cocos\editor-support\spine\proj.win32\debug.win32\libspine.tlog\lib-link.write.1.tlog
h:\starfallen\cocos2d\cocos\editor-support\spine\proj.win32\debug.win32\libspine.tlog\lib.command.1.tlog
