h:\starfallen\proj.win32\debug.win32\j_rw.obj
h:\starfallen\proj.win32\debug.win32\main.obj
h:\starfallen\proj.win32\debug.win32\firstscene.obj
h:\starfallen\proj.win32\debug.win32\mapbox.obj
h:\starfallen\proj.win32\debug.win32\appdelegate.obj
h:\starfallen\proj.win32\debug.win32\mainscene.obj
h:\starfallen\proj.win32\debug.win32\controlcpp.obj
h:\starfallen\proj.win32\debug.win32\loadscene.obj
h:\starfallen\proj.win32\debug.win32\json_reader.obj
h:\starfallen\proj.win32\debug.win32\json_value.obj
h:\starfallen\proj.win32\debug.win32\json_writer.obj
h:\starfallen\proj.win32\debug.win32\startscene.obj
h:\starfallen\proj.win32\debug.win32\vc140.pdb
h:\starfallen\proj.win32\debug.win32\vc140.idb
h:\starfallen\proj.win32\debug.win32\starfallen.ilk
h:\starfallen\proj.win32\debug.win32\starfallen.exe
h:\starfallen\proj.win32\debug.win32\starfallen.pdb
h:\starfallen\proj.win32\debug.win32\game.res
h:\starfallen\proj.win32\debug.win32\starfallen.lib
h:\starfallen\proj.win32\debug.win32\starfallen.exp
h:\starfallen\proj.win32\starfallen.cab
h:\starfallen\proj.win32\debug.win32\starfallen.vcxprojresolveassemblyreference.cache
h:\starfallen\proj.win32\debug.win32\starfallen.tlog\cl.command.1.tlog
h:\starfallen\proj.win32\debug.win32\starfallen.tlog\cl.read.1.tlog
h:\starfallen\proj.win32\debug.win32\starfallen.tlog\cl.write.1.tlog
h:\starfallen\proj.win32\debug.win32\starfallen.tlog\link.command.1.tlog
h:\starfallen\proj.win32\debug.win32\starfallen.tlog\link.read.1.tlog
h:\starfallen\proj.win32\debug.win32\starfallen.tlog\link.write.1.tlog
h:\starfallen\proj.win32\debug.win32\starfallen.tlog\rc.command.1.tlog
h:\starfallen\proj.win32\debug.win32\starfallen.tlog\rc.read.1.tlog
h:\starfallen\proj.win32\debug.win32\starfallen.tlog\rc.write.1.tlog
h:\starfallen\proj.win32\debug.win32\starfallen.tlog\starfallen.write.1u.tlog
