h:\starfallen\cocos2d\cocos\2d\debug.win32\cceventlistenerassetsmanagerex.obj
h:\starfallen\cocos2d\cocos\2d\debug.win32\cccontrolbutton.obj
h:\starfallen\cocos2d\cocos\2d\debug.win32\cccontrolsaturationbrightnesspicker.obj
h:\starfallen\cocos2d\cocos\2d\debug.win32\cccontrolutils.obj
h:\starfallen\cocos2d\cocos\2d\debug.win32\cctableview.obj
h:\starfallen\cocos2d\cocos\2d\debug.win32\ccparticlesystem3d.obj
h:\starfallen\cocos2d\cocos\2d\debug.win32\ccpuaffectortranslator.obj
h:\starfallen\cocos2d\cocos\2d\debug.win32\ccpubaseforceaffector.obj
h:\starfallen\cocos2d\cocos\2d\debug.win32\ccpubehaviourmanager.obj
h:\starfallen\cocos2d\cocos\2d\debug.win32\ccpuboxcollider.obj
h:\starfallen\cocos2d\cocos\2d\debug.win32\ccpuboxemittertranslator.obj
h:\starfallen\cocos2d\cocos\2d\debug.win32\ccpucollisionavoidanceaffectortranslator.obj
h:\starfallen\cocos2d\cocos\2d\debug.win32\ccpudoaffectoreventhandlertranslator.obj
h:\starfallen\cocos2d\cocos\2d\debug.win32\ccpudoexpireeventhandlertranslator.obj
h:\starfallen\cocos2d\cocos\2d\debug.win32\ccpudoplacementparticleeventhandlertranslator.obj
h:\starfallen\cocos2d\cocos\2d\debug.win32\ccpudynamicattribute.obj
h:\starfallen\cocos2d\cocos\2d\debug.win32\ccpudynamicattributetranslator.obj
h:\starfallen\cocos2d\cocos\2d\debug.win32\ccpueventhandler.obj
h:\starfallen\cocos2d\cocos\2d\debug.win32\ccpuflockcenteringaffectortranslator.obj
h:\starfallen\cocos2d\cocos\2d\debug.win32\ccpugeometryrotatortranslator.obj
h:\starfallen\cocos2d\cocos\2d\debug.win32\ccpujetaffector.obj
h:\starfallen\cocos2d\cocos\2d\debug.win32\ccpulineaffectortranslator.obj
h:\starfallen\cocos2d\cocos\2d\debug.win32\ccpulistener.obj
h:\starfallen\cocos2d\cocos\2d\debug.win32\ccpumeshsurfaceemittertranslator.obj
h:\starfallen\cocos2d\cocos\2d\debug.win32\ccpuonclearobserver.obj
h:\starfallen\cocos2d\cocos\2d\debug.win32\ccpuoncountobserver.obj
h:\starfallen\cocos2d\cocos\2d\debug.win32\ccpuonemissionobservertranslator.obj
h:\starfallen\cocos2d\cocos\2d\debug.win32\ccpuonexpireobservertranslator.obj
h:\starfallen\cocos2d\cocos\2d\debug.win32\ccpuonrandomobserver.obj
h:\starfallen\cocos2d\cocos\2d\debug.win32\ccpuonvelocityobserver.obj
h:\starfallen\cocos2d\cocos\2d\debug.win32\ccpuparticlefollowertranslator.obj
h:\starfallen\cocos2d\cocos\2d\debug.win32\ccpupathfollowertranslator.obj
h:\starfallen\cocos2d\cocos\2d\debug.win32\ccpupointemittertranslator.obj
h:\starfallen\cocos2d\cocos\2d\debug.win32\ccpurandomisertranslator.obj
h:\starfallen\cocos2d\cocos\2d\debug.win32\ccpuribbontrailrender.obj
h:\starfallen\cocos2d\cocos\2d\debug.win32\ccpuscriptcompiler.obj
h:\starfallen\cocos2d\cocos\2d\debug.win32\ccpuslavebehaviour.obj
h:\starfallen\cocos2d\cocos\2d\debug.win32\ccpuslaveemittertranslator.obj
h:\starfallen\cocos2d\cocos\2d\debug.win32\ccpuspheresurfaceemittertranslator.obj
h:\starfallen\cocos2d\cocos\2d\debug.win32\ccputexturerotator.obj
h:\starfallen\cocos2d\cocos\2d\debug.win32\ccpuvelocitymatchingaffector.obj
h:\starfallen\cocos2d\cocos\2d\debug.win32\ccpuvortexaffectortranslator.obj
h:\starfallen\cocos2d\cocos\2d\debug.win32\convertutfwrapper.obj
h:\starfallen\cocos2d\cocos\2d\debug.win32\idl_gen_fbs.obj
h:\starfallen\cocos2d\cocos\2d\debug.win32\idl_gen_text.obj
h:\starfallen\cocos2d\cocos\2d\debug.win32\cdt.obj
h:\starfallen\cocos2d\cocos\2d\debug.win32\tinyxml2.obj
h:\starfallen\cocos2d\cocos\2d\debug.win32\xxhash.obj
h:\starfallen\cocos2d\cocos\2d\debug.win32\ccanimation3d.obj
h:\starfallen\cocos2d\cocos\2d\debug.win32\ccbundlereader.obj
h:\starfallen\cocos2d\cocos\2d\debug.win32\ccfrustum.obj
h:\starfallen\cocos2d\cocos\2d\debug.win32\ccmeshvertexindexdata.obj
h:\starfallen\cocos2d\cocos\2d\debug.win32\ccskeleton3d.obj
h:\starfallen\cocos2d\cocos\2d\debug.win32\ccterrain.obj
h:\starfallen\cocos2d\cocos\2d\debug.win32\audiodecoder.obj
h:\starfallen\cocos2d\cocos\2d\debug.win32\audiodecoderogg.obj
h:\starfallen\cocos2d\cocos\2d\debug.win32\simpleaudioengine.obj
h:\starfallen\cocos2d\cocos\2d\debug.win32\ccallocatorglobalnewdelete.obj
h:\starfallen\cocos2d\cocos\2d\debug.win32\ccconfiguration.obj
h:\starfallen\cocos2d\cocos\2d\debug.win32\cceventcustom.obj
h:\starfallen\cocos2d\cocos\2d\debug.win32\cceventfocus.obj
h:\starfallen\cocos2d\cocos\2d\debug.win32\cceventkeyboard.obj
h:\starfallen\cocos2d\cocos\2d\debug.win32\cceventlisteneracceleration.obj
h:\starfallen\cocos2d\cocos\2d\debug.win32\cceventlistenerfocus.obj
h:\starfallen\cocos2d\cocos\2d\debug.win32\cceventlistenermouse.obj
h:\starfallen\cocos2d\cocos\2d\debug.win32\cceventtouch.obj
h:\starfallen\cocos2d\cocos\2d\debug.win32\ccstencilstatemanager.obj
h:\starfallen\cocos2d\cocos\2d\debug.win32\ccscriptsupport.obj
h:\starfallen\cocos2d\cocos\2d\debug.win32\ccuserdefault.obj
h:\starfallen\cocos2d\cocos\2d\debug.win32\s3tc.obj
h:\starfallen\cocos2d\cocos\2d\debug.win32\ziputils.obj
h:\starfallen\cocos2d\cocos\2d\debug.win32\ccdictionary.obj
h:\starfallen\cocos2d\cocos\2d\debug.win32\ccbanimationmanager.obj
h:\starfallen\cocos2d\cocos\2d\debug.win32\ccbsequenceproperty.obj
h:\starfallen\cocos2d\cocos\2d\debug.win32\cclabelbmfontloader.obj
h:\starfallen\cocos2d\cocos\2d\debug.win32\cclayerloader.obj
h:\starfallen\cocos2d\cocos\2d\debug.win32\ccnodeloader.obj
h:\starfallen\cocos2d\cocos\2d\debug.win32\ccscrollviewloader.obj
h:\starfallen\cocos2d\cocos\2d\debug.win32\ccactiontimelinenode.obj
h:\starfallen\cocos2d\cocos\2d\debug.win32\ccskeletonnode.obj
h:\starfallen\cocos2d\cocos\2d\debug.win32\ccactionframeeasing.obj
h:\starfallen\cocos2d\cocos\2d\debug.win32\ccactionmanagerex.obj
h:\starfallen\cocos2d\cocos\2d\debug.win32\ccarmature.obj
h:\starfallen\cocos2d\cocos\2d\debug.win32\cccolliderdetector.obj
h:\starfallen\cocos2d\cocos\2d\debug.win32\cccomaudio.obj
h:\starfallen\cocos2d\cocos\2d\debug.win32\ccdatas.obj
h:\starfallen\cocos2d\cocos\2d\debug.win32\ccdisplaymanager.obj
h:\starfallen\cocos2d\cocos\2d\debug.win32\ccsguireader.obj
h:\starfallen\cocos2d\cocos\2d\debug.win32\cctransformhelp.obj
h:\starfallen\cocos2d\cocos\2d\debug.win32\cocoloader.obj
h:\starfallen\cocos2d\cocos\2d\debug.win32\dictionaryhelper.obj
h:\starfallen\cocos2d\cocos\2d\debug.win32\flatbuffersserialize.obj
h:\starfallen\cocos2d\cocos\2d\debug.win32\widgetcallbackhandlerprotocol.obj
h:\starfallen\cocos2d\cocos\2d\debug.win32\checkboxreader.obj
h:\starfallen\cocos2d\cocos\2d\debug.win32\gamenode3dreader.obj
h:\starfallen\cocos2d\cocos\2d\debug.win32\listviewreader.obj
h:\starfallen\cocos2d\cocos\2d\debug.win32\particlereader.obj
h:\starfallen\cocos2d\cocos\2d\debug.win32\skeletonnodereader.obj
h:\starfallen\cocos2d\cocos\2d\debug.win32\textatlasreader.obj
h:\starfallen\cocos2d\cocos\2d\debug.win32\textreader.obj
h:\starfallen\cocos2d\cocos\2d\debug.win32\usercamerareader.obj
h:\starfallen\cocos2d\cocos\2d\debug.win32\ccgeometry.obj
h:\starfallen\cocos2d\cocos\2d\debug.win32\mathutil.obj
h:\starfallen\cocos2d\cocos\2d\debug.win32\vec3.obj
h:\starfallen\cocos2d\cocos\2d\debug.win32\ccnavmeshdebugdraw.obj
h:\starfallen\cocos2d\cocos\2d\debug.win32\httpclient.obj
h:\starfallen\cocos2d\cocos\2d\debug.win32\ccphysics3dcomponent.obj
h:\starfallen\cocos2d\cocos\2d\debug.win32\ccphysics3dshape.obj
h:\starfallen\cocos2d\cocos\2d\debug.win32\ccphysicscontact.obj
h:\starfallen\cocos2d\cocos\2d\debug.win32\ccphysicsworld.obj
h:\starfallen\cocos2d\cocos\2d\debug.win32\ccsaxparser.obj
h:\starfallen\cocos2d\cocos\2d\debug.win32\cccommon-win32.obj
h:\starfallen\cocos2d\cocos\2d\debug.win32\ccfileutils-win32.obj
h:\starfallen\cocos2d\cocos\2d\debug.win32\ccglprogram.obj
h:\starfallen\cocos2d\cocos\2d\debug.win32\ccglprogramstatecache.obj
h:\starfallen\cocos2d\cocos\2d\debug.win32\ccmeshcommand.obj
h:\starfallen\cocos2d\cocos\2d\debug.win32\ccrenderer.obj
h:\starfallen\cocos2d\cocos\2d\debug.win32\cctexturecube.obj
h:\starfallen\cocos2d\cocos\2d\debug.win32\ccvertexindexbuffer.obj
h:\starfallen\cocos2d\cocos\2d\debug.win32\uicheckbox.obj
h:\starfallen\cocos2d\cocos\2d\debug.win32\uieditbox.obj
h:\starfallen\cocos2d\cocos\2d\debug.win32\uiimageview.obj
h:\starfallen\cocos2d\cocos\2d\debug.win32\uilayoutparameter.obj
h:\starfallen\cocos2d\cocos\2d\debug.win32\uipageview.obj
h:\starfallen\cocos2d\cocos\2d\debug.win32\uiscrollview.obj
h:\starfallen\cocos2d\cocos\2d\debug.win32\uitabcontrol.obj
h:\starfallen\cocos2d\cocos\2d\debug.win32\uivbox.obj
h:\starfallen\cocos2d\cocos\2d\debug.win32\ccvrgenericrenderer.obj
h:\starfallen\cocos2d\cocos\2d\debug.win32\ccactioncatmullrom.obj
h:\starfallen\cocos2d\cocos\2d\debug.win32\ccactioninstant.obj
h:\starfallen\cocos2d\cocos\2d\debug.win32\ccactionprogresstimer.obj
h:\starfallen\cocos2d\cocos\2d\debug.win32\ccanimationcache.obj
h:\starfallen\cocos2d\cocos\2d\debug.win32\cccamerabackgroundbrush.obj
h:\starfallen\cocos2d\cocos\2d\debug.win32\ccdrawnode.obj
h:\starfallen\cocos2d\cocos\2d\debug.win32\ccfontfnt.obj
h:\starfallen\cocos2d\cocos\2d\debug.win32\cclabelbmfont.obj
h:\starfallen\cocos2d\cocos\2d\debug.win32\cclayer.obj
h:\starfallen\cocos2d\cocos\2d\debug.win32\ccnode.obj
h:\starfallen\cocos2d\cocos\2d\debug.win32\ccparticlesystemquad.obj
h:\starfallen\cocos2d\cocos\2d\debug.win32\ccspritebatchnode.obj
h:\starfallen\cocos2d\cocos\2d\debug.win32\cctilemapatlas.obj
h:\starfallen\cocos2d\cocos\2d\debug.win32\cctmxxmlparser.obj
h:\starfallen\cocos2d\cocos\2d\debug.win32\cctweenfunction.obj
h:\starfallen\cocos2d\cocos\2d\debug.win32\assetsmanager.obj
h:\starfallen\cocos2d\cocos\2d\debug.win32\manifest.obj
h:\starfallen\cocos2d\cocos\2d\debug.win32\cccontrolcolourpicker.obj
h:\starfallen\cocos2d\cocos\2d\debug.win32\cccontrolslider.obj
h:\starfallen\cocos2d\cocos\2d\debug.win32\ccinvocation.obj
h:\starfallen\cocos2d\cocos\2d\debug.win32\ccparticle3daffector.obj
h:\starfallen\cocos2d\cocos\2d\debug.win32\ccpuaffector.obj
h:\starfallen\cocos2d\cocos\2d\debug.win32\ccpualignaffector.obj
h:\starfallen\cocos2d\cocos\2d\debug.win32\ccpubasecollidertranslator.obj
h:\starfallen\cocos2d\cocos\2d\debug.win32\ccpubehaviour.obj
h:\starfallen\cocos2d\cocos\2d\debug.win32\ccpubillboardchain.obj
h:\starfallen\cocos2d\cocos\2d\debug.win32\ccpucircleemittertranslator.obj
h:\starfallen\cocos2d\cocos\2d\debug.win32\ccpudoaffectoreventhandler.obj
h:\starfallen\cocos2d\cocos\2d\debug.win32\ccpudoexpireeventhandler.obj
h:\starfallen\cocos2d\cocos\2d\debug.win32\ccpudoplacementparticleeventhandler.obj
h:\starfallen\cocos2d\cocos\2d\debug.win32\ccpudoscaleeventhandlertranslator.obj
h:\starfallen\cocos2d\cocos\2d\debug.win32\ccpuemittermanager.obj
h:\starfallen\cocos2d\cocos\2d\debug.win32\ccpueventhandlertranslator.obj
h:\starfallen\cocos2d\cocos\2d\debug.win32\ccpuforcefieldaffector.obj
h:\starfallen\cocos2d\cocos\2d\debug.win32\ccpugravityaffector.obj
h:\starfallen\cocos2d\cocos\2d\debug.win32\ccpuinterparticlecollidertranslator.obj
h:\starfallen\cocos2d\cocos\2d\debug.win32\ccpulinearforceaffector.obj
h:\starfallen\cocos2d\cocos\2d\debug.win32\ccpulineemittertranslator.obj
h:\starfallen\cocos2d\cocos\2d\debug.win32\ccpumeshsurfaceemitter.obj
h:\starfallen\cocos2d\cocos\2d\debug.win32\ccpuobservertranslator.obj
h:\starfallen\cocos2d\cocos\2d\debug.win32\ccpuoncollisionobservertranslator.obj
h:\starfallen\cocos2d\cocos\2d\debug.win32\ccpuoneventflagobserver.obj
h:\starfallen\cocos2d\cocos\2d\debug.win32\ccpuonpositionobserver.obj
h:\starfallen\cocos2d\cocos\2d\debug.win32\ccpuonquotaobservertranslator.obj
h:\starfallen\cocos2d\cocos\2d\debug.win32\ccpuontimeobservertranslator.obj
h:\starfallen\cocos2d\cocos\2d\debug.win32\ccpuparticlesystem3d.obj
h:\starfallen\cocos2d\cocos\2d\debug.win32\ccpuplanecollidertranslator.obj
h:\starfallen\cocos2d\cocos\2d\debug.win32\ccpupositionemittertranslator.obj
h:\starfallen\cocos2d\cocos\2d\debug.win32\ccpuribbontrail.obj
h:\starfallen\cocos2d\cocos\2d\debug.win32\ccpuscalevelocityaffectortranslator.obj
h:\starfallen\cocos2d\cocos\2d\debug.win32\ccpusimplespline.obj
h:\starfallen\cocos2d\cocos\2d\debug.win32\ccpusineforceaffectortranslator.obj
h:\starfallen\cocos2d\cocos\2d\debug.win32\ccpusphere.obj
h:\starfallen\cocos2d\cocos\2d\debug.win32\ccpuspheresurfaceemitter.obj
h:\starfallen\cocos2d\cocos\2d\debug.win32\ccputextureanimatortranslator.obj
h:\starfallen\cocos2d\cocos\2d\debug.win32\ccpuutil.obj
h:\starfallen\cocos2d\cocos\2d\debug.win32\ccpuvelocitymatchingaffectortranslator.obj
h:\starfallen\cocos2d\cocos\2d\debug.win32\ccphysicsdebugnode.obj
h:\starfallen\cocos2d\cocos\2d\debug.win32\edtaa3func.obj
h:\starfallen\cocos2d\cocos\2d\debug.win32\flatc.obj
h:\starfallen\cocos2d\cocos\2d\debug.win32\idl_gen_general.obj
h:\starfallen\cocos2d\cocos\2d\debug.win32\shapes.obj
h:\starfallen\cocos2d\cocos\2d\debug.win32\sweep.obj
h:\starfallen\cocos2d\cocos\2d\debug.win32\ioapi_mem.obj
h:\starfallen\cocos2d\cocos\2d\debug.win32\ccanimate3d.obj
h:\starfallen\cocos2d\cocos\2d\debug.win32\ccmotionstreak3d.obj
h:\starfallen\cocos2d\cocos\2d\debug.win32\ccplane.obj
h:\starfallen\cocos2d\cocos\2d\debug.win32\ccsprite3d.obj
h:\starfallen\cocos2d\cocos\2d\debug.win32\audiodecodermanager.obj
h:\starfallen\cocos2d\cocos\2d\debug.win32\audioplayer.obj
h:\starfallen\cocos2d\cocos\2d\debug.win32\ccallocatordiagnostics.obj
h:\starfallen\cocos2d\cocos\2d\debug.win32\base64.obj
h:\starfallen\cocos2d\cocos\2d\debug.win32\ccautoreleasepool.obj
h:\starfallen\cocos2d\cocos\2d\debug.win32\ccconsole.obj
h:\starfallen\cocos2d\cocos\2d\debug.win32\cceventlistener.obj
h:\starfallen\cocos2d\cocos\2d\debug.win32\cceventlistenercustom.obj
h:\starfallen\cocos2d\cocos\2d\debug.win32\cceventlistenerkeyboard.obj
h:\starfallen\cocos2d\cocos\2d\debug.win32\cceventmouse.obj
h:\starfallen\cocos2d\cocos\2d\debug.win32\ccns.obj
h:\starfallen\cocos2d\cocos\2d\debug.win32\ccref.obj
h:\starfallen\cocos2d\cocos\2d\debug.win32\cctouch.obj
h:\starfallen\cocos2d\cocos\2d\debug.win32\ccvalue.obj
h:\starfallen\cocos2d\cocos\2d\debug.win32\cocos2d.obj
h:\starfallen\cocos2d\cocos\2d\debug.win32\ccarray.obj
h:\starfallen\cocos2d\cocos\2d\debug.win32\ccnotificationcenter.obj
h:\starfallen\cocos2d\cocos\2d\debug.win32\ccset.obj
h:\starfallen\cocos2d\cocos\2d\debug.win32\ccbfileloader.obj
h:\starfallen\cocos2d\cocos\2d\debug.win32\cccontrolloader.obj
h:\starfallen\cocos2d\cocos\2d\debug.win32\cclayercolorloader.obj
h:\starfallen\cocos2d\cocos\2d\debug.win32\ccnode+ccbrelativepositioning.obj
h:\starfallen\cocos2d\cocos\2d\debug.win32\ccscale9spriteloader.obj
h:\starfallen\cocos2d\cocos\2d\debug.win32\ccactiontimelinecache.obj
h:\starfallen\cocos2d\cocos\2d\debug.win32\ccskinnode.obj
h:\starfallen\cocos2d\cocos\2d\debug.win32\ccactionframe.obj
h:\starfallen\cocos2d\cocos\2d\debug.win32\ccactionobject.obj
h:\starfallen\cocos2d\cocos\2d\debug.win32\ccarmaturedatamanager.obj
h:\starfallen\cocos2d\cocos\2d\debug.win32\cccomattribute.obj
h:\starfallen\cocos2d\cocos\2d\debug.win32\cccomcontroller.obj
h:\starfallen\cocos2d\cocos\2d\debug.win32\ccdecorativedisplay.obj
h:\starfallen\cocos2d\cocos\2d\debug.win32\ccdisplayfactory.obj
h:\starfallen\cocos2d\cocos\2d\debug.win32\cccomextensiondata.obj
h:\starfallen\cocos2d\cocos\2d\debug.win32\ccspriteframecachehelper.obj
h:\starfallen\cocos2d\cocos\2d\debug.win32\cctween.obj
h:\starfallen\cocos2d\cocos\2d\debug.win32\localizationmanager.obj
h:\starfallen\cocos2d\cocos\2d\debug.win32\triggermng.obj
h:\starfallen\cocos2d\cocos\2d\debug.win32\buttonreader.obj
h:\starfallen\cocos2d\cocos\2d\debug.win32\layoutreader.obj
h:\starfallen\cocos2d\cocos\2d\debug.win32\nodereaderdefine.obj
h:\starfallen\cocos2d\cocos\2d\debug.win32\pageviewreader.obj
h:\starfallen\cocos2d\cocos\2d\debug.win32\bonenodereader.obj
h:\starfallen\cocos2d\cocos\2d\debug.win32\spritereader.obj
h:\starfallen\cocos2d\cocos\2d\debug.win32\textbmfontreader.obj
h:\starfallen\cocos2d\cocos\2d\debug.win32\sprite3dreader.obj
h:\starfallen\cocos2d\cocos\2d\debug.win32\mat4.obj
h:\starfallen\cocos2d\cocos\2d\debug.win32\vec2.obj
h:\starfallen\cocos2d\cocos\2d\debug.win32\ccnavmeshagent.obj
h:\starfallen\cocos2d\cocos\2d\debug.win32\ccnavmeshutils.obj
h:\starfallen\cocos2d\cocos\2d\debug.win32\socketio.obj
h:\starfallen\cocos2d\cocos\2d\debug.win32\ccphysics3dconstraint.obj
h:\starfallen\cocos2d\cocos\2d\debug.win32\ccphysics3dworld.obj
h:\starfallen\cocos2d\cocos\2d\debug.win32\ccphysicsjoint.obj
h:\starfallen\cocos2d\cocos\2d\debug.win32\ccglview.obj
h:\starfallen\cocos2d\cocos\2d\debug.win32\ccdevice-win32.obj
h:\starfallen\cocos2d\cocos\2d\debug.win32\ccutils-win32.obj
h:\starfallen\cocos2d\cocos\2d\debug.win32\ccframebuffer.obj
h:\starfallen\cocos2d\cocos\2d\debug.win32\ccglstatecache.obj
h:\starfallen\cocos2d\cocos\2d\debug.win32\ccpass.obj
h:\starfallen\cocos2d\cocos\2d\debug.win32\ccrendercommand.obj
h:\starfallen\cocos2d\cocos\2d\debug.win32\cctechnique.obj
h:\starfallen\cocos2d\cocos\2d\debug.win32\cctexturecache.obj
h:\starfallen\cocos2d\cocos\2d\debug.win32\ccvertexattribbinding.obj
h:\starfallen\cocos2d\cocos\2d\debug.win32\uiabstractcheckbutton.obj
h:\starfallen\cocos2d\cocos\2d\debug.win32\uieditboximpl-win32.obj
h:\starfallen\cocos2d\cocos\2d\debug.win32\uilayout.obj
h:\starfallen\cocos2d\cocos\2d\debug.win32\uipageviewindicator.obj
h:\starfallen\cocos2d\cocos\2d\debug.win32\uiscrollviewbar.obj
h:\starfallen\cocos2d\cocos\2d\debug.win32\uislider.obj
h:\starfallen\cocos2d\cocos\2d\debug.win32\uitextbmfont.obj
h:\starfallen\cocos2d\cocos\2d\debug.win32\ccvrdistortion.obj
h:\starfallen\cocos2d\cocos\2d\debug.win32\ccvrdistortionmesh.obj
h:\starfallen\cocos2d\cocos\2d\debug.win32\ccvrgenericheadtracker.obj
h:\starfallen\cocos2d\cocos\2d\debug.win32\ccactioncamera.obj
h:\starfallen\cocos2d\cocos\2d\debug.win32\ccactiongrid3d.obj
h:\starfallen\cocos2d\cocos\2d\debug.win32\ccactionpageturn3d.obj
h:\starfallen\cocos2d\cocos\2d\debug.win32\ccactiontween.obj
h:\starfallen\cocos2d\cocos\2d\debug.win32\ccautopolygon.obj
h:\starfallen\cocos2d\cocos\2d\debug.win32\ccclippingrectanglenode.obj
h:\starfallen\cocos2d\cocos\2d\debug.win32\ccfasttmxlayer.obj
h:\starfallen\cocos2d\cocos\2d\debug.win32\ccfontcharmap.obj
h:\starfallen\cocos2d\cocos\2d\debug.win32\ccgrid.obj
h:\starfallen\cocos2d\cocos\2d\debug.win32\cclabeltextformatter.obj
h:\starfallen\cocos2d\cocos\2d\debug.win32\ccmenu.obj
h:\starfallen\cocos2d\cocos\2d\debug.win32\ccnodegrid.obj
h:\starfallen\cocos2d\cocos\2d\debug.win32\ccparticlesystem.obj
h:\starfallen\cocos2d\cocos\2d\debug.win32\ccrendertexture.obj
h:\starfallen\cocos2d\cocos\2d\debug.win32\ccspriteframe.obj
h:\starfallen\cocos2d\cocos\2d\debug.win32\cctmxlayer.obj
h:\starfallen\cocos2d\cocos\2d\debug.win32\cctransitionpageturn.obj
h:\starfallen\cocos2d\cocos\2d\debug.win32\assetsmanagerex.obj
h:\starfallen\cocos2d\cocos\2d\debug.win32\cccontrolhuepicker.obj
h:\starfallen\cocos2d\cocos\2d\debug.win32\cccontrolstepper.obj
h:\starfallen\cocos2d\cocos\2d\debug.win32\ccscrollview.obj
h:\starfallen\cocos2d\cocos\2d\debug.win32\ccpuaffectormanager.obj
h:\starfallen\cocos2d\cocos\2d\debug.win32\ccpualignaffectortranslator.obj
h:\starfallen\cocos2d\cocos\2d\debug.win32\ccpubaseforceaffectortranslator.obj
h:\starfallen\cocos2d\cocos\2d\debug.win32\ccpubehaviourtranslator.obj
h:\starfallen\cocos2d\cocos\2d\debug.win32\ccpuboxcollidertranslator.obj
h:\starfallen\cocos2d\cocos\2d\debug.win32\ccpucircleemitter.obj
h:\starfallen\cocos2d\cocos\2d\debug.win32\ccpucoloraffector.obj
h:\starfallen\cocos2d\cocos\2d\debug.win32\ccpudoenablecomponenteventhandler.obj
h:\starfallen\cocos2d\cocos\2d\debug.win32\ccpudofreezeeventhandler.obj
h:\starfallen\cocos2d\cocos\2d\debug.win32\ccpudoscaleeventhandler.obj
h:\starfallen\cocos2d\cocos\2d\debug.win32\ccpudostopsystemeventhandlertranslator.obj
h:\starfallen\cocos2d\cocos\2d\debug.win32\ccpuemittertranslator.obj
h:\starfallen\cocos2d\cocos\2d\debug.win32\ccpuflockcenteringaffector.obj
h:\starfallen\cocos2d\cocos\2d\debug.win32\ccpuforcefieldaffectortranslator.obj
h:\starfallen\cocos2d\cocos\2d\debug.win32\ccpugravityaffectortranslator.obj
h:\starfallen\cocos2d\cocos\2d\debug.win32\ccpujetaffectortranslator.obj
h:\starfallen\cocos2d\cocos\2d\debug.win32\ccpulinearforceaffectortranslator.obj
h:\starfallen\cocos2d\cocos\2d\debug.win32\ccpumaterialtranslator.obj
h:\starfallen\cocos2d\cocos\2d\debug.win32\ccpunoise.obj
h:\starfallen\cocos2d\cocos\2d\debug.win32\ccpuobservermanager.obj
h:\starfallen\cocos2d\cocos\2d\debug.win32\ccpuoncollisionobserver.obj
h:\starfallen\cocos2d\cocos\2d\debug.win32\ccpuoncountobservertranslator.obj
h:\starfallen\cocos2d\cocos\2d\debug.win32\ccpuonexpireobserver.obj
h:\starfallen\cocos2d\cocos\2d\debug.win32\ccpuonquotaobserver.obj
h:\starfallen\cocos2d\cocos\2d\debug.win32\ccpuonrandomobservertranslator.obj
h:\starfallen\cocos2d\cocos\2d\debug.win32\ccpuonvelocityobservertranslator.obj
h:\starfallen\cocos2d\cocos\2d\debug.win32\ccpupathfollower.obj
h:\starfallen\cocos2d\cocos\2d\debug.win32\ccpuplanecollider.obj
h:\starfallen\cocos2d\cocos\2d\debug.win32\ccpupositionemitter.obj
h:\starfallen\cocos2d\cocos\2d\debug.win32\ccpurender.obj
h:\starfallen\cocos2d\cocos\2d\debug.win32\ccpuscaleaffectortranslator.obj
h:\starfallen\cocos2d\cocos\2d\debug.win32\ccpuscriptlexer.obj
h:\starfallen\cocos2d\cocos\2d\debug.win32\ccpuscripttranslator.obj
h:\starfallen\cocos2d\cocos\2d\debug.win32\ccpuslavebehaviourtranslator.obj
h:\starfallen\cocos2d\cocos\2d\debug.win32\ccpuspherecollidertranslator.obj
h:\starfallen\cocos2d\cocos\2d\debug.win32\ccputextureanimator.obj
h:\starfallen\cocos2d\cocos\2d\debug.win32\ccputranslatemanager.obj
h:\starfallen\cocos2d\cocos\2d\debug.win32\ccpuvortexaffector.obj
h:\starfallen\cocos2d\cocos\2d\debug.win32\clipper.obj
h:\starfallen\cocos2d\cocos\2d\debug.win32\convertutf.obj
h:\starfallen\cocos2d\cocos\2d\debug.win32\idl_gen_cpp.obj
h:\starfallen\cocos2d\cocos\2d\debug.win32\idl_parser.obj
h:\starfallen\cocos2d\cocos\2d\debug.win32\ioapi.obj
h:\starfallen\cocos2d\cocos\2d\debug.win32\ccaabb.obj
h:\starfallen\cocos2d\cocos\2d\debug.win32\ccbillboard.obj
h:\starfallen\cocos2d\cocos\2d\debug.win32\ccmesh.obj
h:\starfallen\cocos2d\cocos\2d\debug.win32\ccray.obj
h:\starfallen\cocos2d\cocos\2d\debug.win32\ccsprite3dmaterial.obj
h:\starfallen\cocos2d\cocos\2d\debug.win32\audioengine.obj
h:\starfallen\cocos2d\cocos\2d\debug.win32\audioengine-win32.obj
h:\starfallen\cocos2d\cocos\2d\debug.win32\ccasynctaskpool.obj
h:\starfallen\cocos2d\cocos\2d\debug.win32\ccdirector.obj
h:\starfallen\cocos2d\cocos\2d\debug.win32\ccfpsimages.obj
h:\starfallen\cocos2d\cocos\2d\debug.win32\ccimedispatcher.obj
h:\starfallen\cocos2d\cocos\2d\debug.win32\ccprofiling.obj
h:\starfallen\cocos2d\cocos\2d\debug.win32\ccproperties.obj
h:\starfallen\cocos2d\cocos\2d\debug.win32\cctypes.obj
h:\starfallen\cocos2d\cocos\2d\debug.win32\ccutils.obj
h:\starfallen\cocos2d\cocos\2d\debug.win32\ccstring.obj
h:\starfallen\cocos2d\cocos\2d\debug.win32\ccbkeyframe.obj
h:\starfallen\cocos2d\cocos\2d\debug.win32\ccbreader.obj
h:\starfallen\cocos2d\cocos\2d\debug.win32\cclabelttfloader.obj
h:\starfallen\cocos2d\cocos\2d\debug.win32\ccmenuitemimageloader.obj
h:\starfallen\cocos2d\cocos\2d\debug.win32\ccnodeloaderlibrary.obj
h:\starfallen\cocos2d\cocos\2d\debug.win32\ccspriteloader.obj
h:\starfallen\cocos2d\cocos\2d\debug.win32\ccbonenode.obj
h:\starfallen\cocos2d\cocos\2d\debug.win32\csloader.obj
h:\starfallen\cocos2d\cocos\2d\debug.win32\ccarmaturedefine.obj
h:\starfallen\cocos2d\cocos\2d\debug.win32\ccbatchnode.obj
h:\starfallen\cocos2d\cocos\2d\debug.win32\ccdatareaderhelper.obj
h:\starfallen\cocos2d\cocos\2d\debug.win32\ccinputdelegate.obj
h:\starfallen\cocos2d\cocos\2d\debug.win32\ccskin.obj
h:\starfallen\cocos2d\cocos\2d\debug.win32\ccutilmath.obj
h:\starfallen\cocos2d\cocos\2d\debug.win32\cocostudio.obj
h:\starfallen\cocos2d\cocos\2d\debug.win32\triggerobj.obj
h:\starfallen\cocos2d\cocos\2d\debug.win32\comaudioreader.obj
h:\starfallen\cocos2d\cocos\2d\debug.win32\imageviewreader.obj
h:\starfallen\cocos2d\cocos\2d\debug.win32\loadingbarreader.obj
h:\starfallen\cocos2d\cocos\2d\debug.win32\projectnodereader.obj
h:\starfallen\cocos2d\cocos\2d\debug.win32\singlenodereader.obj
h:\starfallen\cocos2d\cocos\2d\debug.win32\sliderreader.obj
h:\starfallen\cocos2d\cocos\2d\debug.win32\textfieldreader.obj
h:\starfallen\cocos2d\cocos\2d\debug.win32\widgetreader.obj
h:\starfallen\cocos2d\cocos\2d\debug.win32\quaternion.obj
h:\starfallen\cocos2d\cocos\2d\debug.win32\vec4.obj
h:\starfallen\cocos2d\cocos\2d\debug.win32\ccnavmeshobstacle.obj
h:\starfallen\cocos2d\cocos\2d\debug.win32\ccdownloader.obj
h:\starfallen\cocos2d\cocos\2d\debug.win32\websocket.obj
h:\starfallen\cocos2d\cocos\2d\debug.win32\ccphysics3ddebugdrawer.obj
h:\starfallen\cocos2d\cocos\2d\debug.win32\ccphysicssprite3d.obj
h:\starfallen\cocos2d\cocos\2d\debug.win32\ccfileutils.obj
h:\starfallen\cocos2d\cocos\2d\debug.win32\ccthread.obj
h:\starfallen\cocos2d\cocos\2d\debug.win32\ccglviewimpl-desktop.obj
h:\starfallen\cocos2d\cocos\2d\debug.win32\cccustomcommand.obj
h:\starfallen\cocos2d\cocos\2d\debug.win32\ccglprogramcache.obj
h:\starfallen\cocos2d\cocos\2d\debug.win32\ccmaterial.obj
h:\starfallen\cocos2d\cocos\2d\debug.win32\ccquadcommand.obj
h:\starfallen\cocos2d\cocos\2d\debug.win32\ccshaders.obj
h:\starfallen\cocos2d\cocos\2d\debug.win32\cctexture2d.obj
h:\starfallen\cocos2d\cocos\2d\debug.win32\cctrianglescommand.obj
h:\starfallen\cocos2d\cocos\2d\debug.win32\cocosgui.obj
h:\starfallen\cocos2d\cocos\2d\debug.win32\uideprecated.obj
h:\starfallen\cocos2d\cocos\2d\debug.win32\uihelper.obj
h:\starfallen\cocos2d\cocos\2d\debug.win32\uilayoutmanager.obj
h:\starfallen\cocos2d\cocos\2d\debug.win32\uiloadingbar.obj
h:\starfallen\cocos2d\cocos\2d\debug.win32\uirichtext.obj
h:\starfallen\cocos2d\cocos\2d\debug.win32\uitextatlas.obj
h:\starfallen\cocos2d\cocos\2d\debug.win32\uiwebview.obj
h:\starfallen\cocos2d\cocos\2d\debug.win32\uiwidget.obj
h:\starfallen\cocos2d\cocos\2d\debug.win32\ccactionease.obj
h:\starfallen\cocos2d\cocos\2d\debug.win32\ccactioninterval.obj
h:\starfallen\cocos2d\cocos\2d\debug.win32\ccanimation.obj
h:\starfallen\cocos2d\cocos\2d\debug.win32\cccamera.obj
h:\starfallen\cocos2d\cocos\2d\debug.win32\cccomponent.obj
h:\starfallen\cocos2d\cocos\2d\debug.win32\cccomponentcontainer.obj
h:\starfallen\cocos2d\cocos\2d\debug.win32\ccfasttmxtiledmap.obj
h:\starfallen\cocos2d\cocos\2d\debug.win32\ccfontatlascache.obj
h:\starfallen\cocos2d\cocos\2d\debug.win32\ccglbufferednode.obj
h:\starfallen\cocos2d\cocos\2d\debug.win32\ccgrabber.obj
h:\starfallen\cocos2d\cocos\2d\debug.win32\cclabel.obj
h:\starfallen\cocos2d\cocos\2d\debug.win32\cclight.obj
h:\starfallen\cocos2d\cocos\2d\debug.win32\ccmotionstreak.obj
h:\starfallen\cocos2d\cocos\2d\debug.win32\ccparticlebatchnode.obj
h:\starfallen\cocos2d\cocos\2d\debug.win32\ccprogresstimer.obj
h:\starfallen\cocos2d\cocos\2d\debug.win32\ccsprite.obj
h:\starfallen\cocos2d\cocos\2d\debug.win32\cctextfieldttf.obj
h:\starfallen\cocos2d\cocos\2d\debug.win32\cctmxobjectgroup.obj
h:\starfallen\cocos2d\cocos\2d\debug.win32\cctransition.obj
h:\starfallen\cocos2d\cocos\2d\debug.win32\cceventassetsmanagerex.obj
h:\starfallen\cocos2d\cocos\2d\debug.win32\cccontrol.obj
h:\starfallen\cocos2d\cocos\2d\debug.win32\cccontrolpotentiometer.obj
h:\starfallen\cocos2d\cocos\2d\debug.win32\cccontrolswitch.obj
h:\starfallen\cocos2d\cocos\2d\debug.win32\cctableviewcell.obj
h:\starfallen\cocos2d\cocos\2d\debug.win32\ccparticle3demitter.obj
h:\starfallen\cocos2d\cocos\2d\debug.win32\ccparticle3drender.obj
h:\starfallen\cocos2d\cocos\2d\debug.win32\ccpubasecollider.obj
h:\starfallen\cocos2d\cocos\2d\debug.win32\ccpubeamrender.obj
h:\starfallen\cocos2d\cocos\2d\debug.win32\ccpuboxemitter.obj
h:\starfallen\cocos2d\cocos\2d\debug.win32\ccpucollisionavoidanceaffector.obj
h:\starfallen\cocos2d\cocos\2d\debug.win32\ccpucoloraffectortranslator.obj
h:\starfallen\cocos2d\cocos\2d\debug.win32\ccpudoenablecomponenteventhandlertranslator.obj
h:\starfallen\cocos2d\cocos\2d\debug.win32\ccpudofreezeeventhandlertranslator.obj
h:\starfallen\cocos2d\cocos\2d\debug.win32\ccpudostopsystemeventhandler.obj
h:\starfallen\cocos2d\cocos\2d\debug.win32\ccpuemitter.obj
h:\starfallen\cocos2d\cocos\2d\debug.win32\ccpueventhandlermanager.obj
h:\starfallen\cocos2d\cocos\2d\debug.win32\ccpuforcefield.obj
h:\starfallen\cocos2d\cocos\2d\debug.win32\ccpugeometryrotator.obj
h:\starfallen\cocos2d\cocos\2d\debug.win32\ccpuinterparticlecollider.obj
h:\starfallen\cocos2d\cocos\2d\debug.win32\ccpulineaffector.obj
h:\starfallen\cocos2d\cocos\2d\debug.win32\ccpulineemitter.obj
h:\starfallen\cocos2d\cocos\2d\debug.win32\ccpumaterialmanager.obj
h:\starfallen\cocos2d\cocos\2d\debug.win32\ccpuobserver.obj
h:\starfallen\cocos2d\cocos\2d\debug.win32\ccpuonclearobservertranslator.obj
h:\starfallen\cocos2d\cocos\2d\debug.win32\ccpuonemissionobserver.obj
h:\starfallen\cocos2d\cocos\2d\debug.win32\ccpuoneventflagobservertranslator.obj
h:\starfallen\cocos2d\cocos\2d\debug.win32\ccpuonpositionobservertranslator.obj
h:\starfallen\cocos2d\cocos\2d\debug.win32\ccpuontimeobserver.obj
h:\starfallen\cocos2d\cocos\2d\debug.win32\ccpuparticlefollower.obj
h:\starfallen\cocos2d\cocos\2d\debug.win32\ccpuparticlesystem3dtranslator.obj
h:\starfallen\cocos2d\cocos\2d\debug.win32\ccpuplane.obj
h:\starfallen\cocos2d\cocos\2d\debug.win32\ccpupointemitter.obj
h:\starfallen\cocos2d\cocos\2d\debug.win32\ccpurandomiser.obj
h:\starfallen\cocos2d\cocos\2d\debug.win32\ccpurenderertranslator.obj
h:\starfallen\cocos2d\cocos\2d\debug.win32\ccpuscaleaffector.obj
h:\starfallen\cocos2d\cocos\2d\debug.win32\ccpuscalevelocityaffector.obj
h:\starfallen\cocos2d\cocos\2d\debug.win32\ccpuscriptparser.obj
h:\starfallen\cocos2d\cocos\2d\debug.win32\ccpusineforceaffector.obj
h:\starfallen\cocos2d\cocos\2d\debug.win32\ccpuslaveemitter.obj
h:\starfallen\cocos2d\cocos\2d\debug.win32\ccpuspherecollider.obj
h:\starfallen\cocos2d\cocos\2d\debug.win32\ccputechniquetranslator.obj
h:\starfallen\cocos2d\cocos\2d\debug.win32\ccputexturerotatortranslator.obj
h:\starfallen\cocos2d\cocos\2d\debug.win32\ccpuvertexemitter.obj
h:\starfallen\cocos2d\cocos\2d\debug.win32\ccphysicssprite.obj
h:\starfallen\cocos2d\cocos\2d\debug.win32\idl_gen_go.obj
h:\starfallen\cocos2d\cocos\2d\debug.win32\advancing_front.obj
h:\starfallen\cocos2d\cocos\2d\debug.win32\sweep_context.obj
h:\starfallen\cocos2d\cocos\2d\debug.win32\unzip.obj
h:\starfallen\cocos2d\cocos\2d\debug.win32\ccattachnode.obj
h:\starfallen\cocos2d\cocos\2d\debug.win32\ccbundle3d.obj
h:\starfallen\cocos2d\cocos\2d\debug.win32\ccmeshskin.obj
h:\starfallen\cocos2d\cocos\2d\debug.win32\ccobb.obj
h:\starfallen\cocos2d\cocos\2d\debug.win32\ccobjloader.obj
h:\starfallen\cocos2d\cocos\2d\debug.win32\ccskybox.obj
h:\starfallen\cocos2d\cocos\2d\debug.win32\audiocache.obj
h:\starfallen\cocos2d\cocos\2d\debug.win32\audiodecodermp3.obj
h:\starfallen\cocos2d\cocos\2d\debug.win32\mciplayer.obj
h:\starfallen\cocos2d\cocos\2d\debug.win32\ccallocatorglobal.obj
h:\starfallen\cocos2d\cocos\2d\debug.win32\atitc.obj
h:\starfallen\cocos2d\cocos\2d\debug.win32\cccarray.obj
h:\starfallen\cocos2d\cocos\2d\debug.win32\ccdata.obj
h:\starfallen\cocos2d\cocos\2d\debug.win32\ccdatavisitor.obj
h:\starfallen\cocos2d\cocos\2d\debug.win32\ccevent.obj
h:\starfallen\cocos2d\cocos\2d\debug.win32\cceventacceleration.obj
h:\starfallen\cocos2d\cocos\2d\debug.win32\cceventdispatcher.obj
h:\starfallen\cocos2d\cocos\2d\debug.win32\cceventlistenertouch.obj
h:\starfallen\cocos2d\cocos\2d\debug.win32\ccninepatchimageparser.obj
h:\starfallen\cocos2d\cocos\2d\debug.win32\ccrandom.obj
h:\starfallen\cocos2d\cocos\2d\debug.win32\ccscheduler.obj
h:\starfallen\cocos2d\cocos\2d\debug.win32\ccutf8.obj
h:\starfallen\cocos2d\cocos\2d\debug.win32\etc1.obj
h:\starfallen\cocos2d\cocos\2d\debug.win32\pvr.obj
h:\starfallen\cocos2d\cocos\2d\debug.win32\objectfactory.obj
h:\starfallen\cocos2d\cocos\2d\debug.win32\tgalib.obj
h:\starfallen\cocos2d\cocos\2d\debug.win32\ccdeprecated.obj
h:\starfallen\cocos2d\cocos\2d\debug.win32\ccbsequence.obj
h:\starfallen\cocos2d\cocos\2d\debug.win32\cccontrolbuttonloader.obj
h:\starfallen\cocos2d\cocos\2d\debug.win32\cclayergradientloader.obj
h:\starfallen\cocos2d\cocos\2d\debug.win32\ccmenuitemloader.obj
h:\starfallen\cocos2d\cocos\2d\debug.win32\ccparticlesystemquadloader.obj
h:\starfallen\cocos2d\cocos\2d\debug.win32\ccactiontimeline.obj
h:\starfallen\cocos2d\cocos\2d\debug.win32\ccframe.obj
h:\starfallen\cocos2d\cocos\2d\debug.win32\cctimeline.obj
h:\starfallen\cocos2d\cocos\2d\debug.win32\ccactionnode.obj
h:\starfallen\cocos2d\cocos\2d\debug.win32\ccarmatureanimation.obj
h:\starfallen\cocos2d\cocos\2d\debug.win32\ccbone.obj
h:\starfallen\cocos2d\cocos\2d\debug.win32\cccomrender.obj
h:\starfallen\cocos2d\cocos\2d\debug.win32\ccprocessbase.obj
h:\starfallen\cocos2d\cocos\2d\debug.win32\ccsscenereader.obj
h:\starfallen\cocos2d\cocos\2d\debug.win32\triggerbase.obj
h:\starfallen\cocos2d\cocos\2d\debug.win32\armaturenodereader.obj
h:\starfallen\cocos2d\cocos\2d\debug.win32\gamemapreader.obj
h:\starfallen\cocos2d\cocos\2d\debug.win32\light3dreader.obj
h:\starfallen\cocos2d\cocos\2d\debug.win32\nodereaderprotocol.obj
h:\starfallen\cocos2d\cocos\2d\debug.win32\nodereader.obj
h:\starfallen\cocos2d\cocos\2d\debug.win32\scrollviewreader.obj
h:\starfallen\cocos2d\cocos\2d\debug.win32\tabcontrolreader.obj
h:\starfallen\cocos2d\cocos\2d\debug.win32\node3dreader.obj
h:\starfallen\cocos2d\cocos\2d\debug.win32\particle3dreader.obj
h:\starfallen\cocos2d\cocos\2d\debug.win32\ccaffinetransform.obj
h:\starfallen\cocos2d\cocos\2d\debug.win32\ccvertex.obj
h:\starfallen\cocos2d\cocos\2d\debug.win32\transformutils.obj
h:\starfallen\cocos2d\cocos\2d\debug.win32\ccnavmesh.obj
h:\starfallen\cocos2d\cocos\2d\debug.win32\ccdownloader-curl.obj
h:\starfallen\cocos2d\cocos\2d\debug.win32\ccphysics3d.obj
h:\starfallen\cocos2d\cocos\2d\debug.win32\ccphysics3dobject.obj
h:\starfallen\cocos2d\cocos\2d\debug.win32\ccphysicsbody.obj
h:\starfallen\cocos2d\cocos\2d\debug.win32\ccphysicsshape.obj
h:\starfallen\cocos2d\cocos\2d\debug.win32\ccimage.obj
h:\starfallen\cocos2d\cocos\2d\debug.win32\ccapplication-win32.obj
h:\starfallen\cocos2d\cocos\2d\debug.win32\ccstdc-win32.obj
h:\starfallen\cocos2d\cocos\2d\debug.win32\ccbatchcommand.obj
h:\starfallen\cocos2d\cocos\2d\debug.win32\ccglprogramstate.obj
h:\starfallen\cocos2d\cocos\2d\debug.win32\ccgroupcommand.obj
h:\starfallen\cocos2d\cocos\2d\debug.win32\ccprimitive.obj
h:\starfallen\cocos2d\cocos\2d\debug.win32\ccprimitivecommand.obj
h:\starfallen\cocos2d\cocos\2d\debug.win32\ccrenderstate.obj
h:\starfallen\cocos2d\cocos\2d\debug.win32\cctextureatlas.obj
h:\starfallen\cocos2d\cocos\2d\debug.win32\ccvertexindexdata.obj
h:\starfallen\cocos2d\cocos\2d\debug.win32\localstorage.obj
h:\starfallen\cocos2d\cocos\2d\debug.win32\uibutton.obj
h:\starfallen\cocos2d\cocos\2d\debug.win32\uiradiobutton.obj
h:\starfallen\cocos2d\cocos\2d\debug.win32\uihbox.obj
h:\starfallen\cocos2d\cocos\2d\debug.win32\uilayoutcomponent.obj
h:\starfallen\cocos2d\cocos\2d\debug.win32\uilistview.obj
h:\starfallen\cocos2d\cocos\2d\debug.win32\uirelativebox.obj
h:\starfallen\cocos2d\cocos\2d\debug.win32\uiscale9sprite.obj
h:\starfallen\cocos2d\cocos\2d\debug.win32\uitext.obj
h:\starfallen\cocos2d\cocos\2d\debug.win32\uitextfield.obj
h:\starfallen\cocos2d\cocos\2d\debug.win32\ccaction.obj
h:\starfallen\cocos2d\cocos\2d\debug.win32\ccactiongrid.obj
h:\starfallen\cocos2d\cocos\2d\debug.win32\ccactionmanager.obj
h:\starfallen\cocos2d\cocos\2d\debug.win32\ccactiontiledgrid.obj
h:\starfallen\cocos2d\cocos\2d\debug.win32\ccatlasnode.obj
h:\starfallen\cocos2d\cocos\2d\debug.win32\ccclippingnode.obj
h:\starfallen\cocos2d\cocos\2d\debug.win32\ccdrawingprimitives.obj
h:\starfallen\cocos2d\cocos\2d\debug.win32\ccfontatlas.obj
h:\starfallen\cocos2d\cocos\2d\debug.win32\ccfontfreetype.obj
h:\starfallen\cocos2d\cocos\2d\debug.win32\cclabelatlas.obj
h:\starfallen\cocos2d\cocos\2d\debug.win32\cclabelttf.obj
h:\starfallen\cocos2d\cocos\2d\debug.win32\ccmenuitem.obj
h:\starfallen\cocos2d\cocos\2d\debug.win32\ccparallaxnode.obj
h:\starfallen\cocos2d\cocos\2d\debug.win32\ccparticleexamples.obj
h:\starfallen\cocos2d\cocos\2d\debug.win32\ccprotectednode.obj
h:\starfallen\cocos2d\cocos\2d\debug.win32\ccscene.obj
h:\starfallen\cocos2d\cocos\2d\debug.win32\ccspriteframecache.obj
h:\starfallen\cocos2d\cocos\2d\debug.win32\cctmxtiledmap.obj
h:\starfallen\cocos2d\cocos\2d\debug.win32\cctransitionprogress.obj
h:\starfallen\proj.win32\debug.win32\libcocos2d.lib
h:\starfallen\proj.win32\debug.win32\libcocos2d.exp
h:\starfallen\proj.win32\debug.win32\libcocos2d.dll
h:\starfallen\proj.win32\debug.win32\libcocos2d.pdb
h:\starfallen\cocos2d\cocos\2d\debug.win32\libcocos2d.vcxprojresolveassemblyreference.cache
h:\starfallen\cocos2d\cocos\2d\debug.win32\libcocos2d.tlog\cl.command.1.tlog
h:\starfallen\cocos2d\cocos\2d\debug.win32\libcocos2d.tlog\cl.read.1.tlog
h:\starfallen\cocos2d\cocos\2d\debug.win32\libcocos2d.tlog\cl.write.1.tlog
h:\starfallen\cocos2d\cocos\2d\debug.win32\libcocos2d.tlog\libcocos2d.write.1u.tlog
h:\starfallen\cocos2d\cocos\2d\debug.win32\libcocos2d.tlog\link.command.1.tlog
h:\starfallen\cocos2d\cocos\2d\debug.win32\libcocos2d.tlog\link.read.1.tlog
h:\starfallen\cocos2d\cocos\2d\debug.win32\libcocos2d.tlog\link.write.1.tlog
